\BOOKMARK [1][-]{Doc-Start}{\376\377\000P\000R\000E\000F\000A\000C\000E}{}% 1
\BOOKMARK [1][-]{Doc-Start}{\376\377\000T\000A\000B\000L\000E\000\040\000O\000F\000\040\000C\000O\000N\000T\000E\000N\000T\000S}{}% 2
\BOOKMARK [1][-]{Doc-Start}{\376\377\000L\000I\000S\000T\000\040\000O\000F\000\040\000F\000I\000G\000U\000R\000E\000S}{}% 3
\BOOKMARK [1][-]{Doc-Start}{\376\377\000L\000I\000S\000T\000\040\000O\000F\000\040\000T\000A\000B\000L\000E\000S}{}% 4
\BOOKMARK [1][-]{Doc-Start}{\376\377\000L\000I\000S\000T\000\040\000O\000F\000\040\000E\000Q\000U\000A\000T\000I\000O\000N\000S}{}% 5
\BOOKMARK [1][-]{Doc-Start}{\376\377\000L\000I\000S\000T\000\040\000O\000F\000\040\000A\000B\000B\000R\000E\000V\000I\000A\000T\000I\000O\000N\000S}{}% 6
\BOOKMARK [1][-]{section.1}{\376\377\000I\000N\000T\000R\000O\000D\000U\000C\000T\000I\000O\000N}{}% 7
\BOOKMARK [2][-]{subsection.1.1}{\376\377\000P\000r\000o\000b\000l\000e\000m\000\040\000S\000t\000a\000t\000e\000m\000e\000n\000t}{section.1}% 8
\BOOKMARK [2][-]{subsection.1.2}{\376\377\000R\000e\000s\000e\000a\000r\000c\000h\000\040\000A\000i\000m\000\040\000a\000n\000d\000\040\000O\000b\000j\000e\000c\000t\000i\000v\000e\000s}{section.1}% 9
\BOOKMARK [2][-]{subsection.1.3}{\376\377\000R\000e\000s\000e\000a\000r\000c\000h\000\040\000Q\000u\000e\000s\000t\000i\000o\000n\000s}{section.1}% 10
\BOOKMARK [1][-]{section.2}{\376\377\000B\000A\000C\000K\000G\000R\000O\000U\000N\000D}{}% 11
\BOOKMARK [2][-]{subsection.2.1}{\376\377\000T\000h\000e\000o\000r\000e\000t\000i\000c\000a\000l\000\040\000a\000n\000d\000\040\000T\000e\000c\000h\000n\000i\000c\000a\000l\000\040\000B\000a\000c\000k\000g\000r\000o\000u\000n\000d}{section.2}% 12
\BOOKMARK [2][-]{subsection.2.2}{\376\377\000L\000i\000t\000e\000r\000a\000t\000u\000r\000e\000\040\000R\000e\000v\000i\000e\000w}{section.2}% 13
\BOOKMARK [2][-]{subsection.2.3}{\376\377\000R\000e\000s\000e\000a\000r\000c\000h\000\040\000G\000a\000p}{section.2}% 14
\BOOKMARK [2][-]{subsection.2.4}{\376\377\000A\000s\000s\000u\000m\000p\000t\000i\000o\000n\000s\000\040\000a\000n\000d\000\040\000C\000o\000n\000s\000t\000r\000a\000i\000n\000t\000s}{section.2}% 15
\BOOKMARK [1][-]{section.3}{\376\377\000M\000E\000T\000H\000O\000D\000O\000L\000O\000G\000Y\000\040\000A\000N\000D\000\040\000P\000R\000O\000J\000E\000C\000T\000\040\000D\000E\000S\000I\000G\000N}{}% 16
\BOOKMARK [2][-]{subsection.3.1}{\376\377\000O\000v\000e\000r\000v\000i\000e\000w\000\040\000o\000f\000\040\000t\000h\000e\000\040\000P\000r\000o\000p\000o\000s\000e\000d\000\040\000M\000e\000t\000h\000o\000d\000o\000l\000o\000g\000y\000/\000R\000e\000s\000e\000a\000r\000c\000h\000\040\000D\000e\000s\000i\000g\000n}{section.3}% 17
\BOOKMARK [2][-]{subsection.3.2}{\376\377\000D\000a\000t\000a\000\040\000C\000o\000l\000l\000e\000c\000t\000i\000o\000n}{section.3}% 18
\BOOKMARK [2][-]{subsection.3.3}{\376\377\000E\000t\000h\000i\000c\000a\000l\000\040\000C\000o\000n\000s\000i\000d\000e\000r\000a\000t\000i\000o\000n\000s}{section.3}% 19
\BOOKMARK [2][-]{subsection.3.4}{\376\377\000E\000v\000a\000l\000u\000a\000t\000i\000o\000n\000\040\000a\000n\000d\000\040\000V\000a\000l\000i\000d\000a\000t\000i\000o\000n}{section.3}% 20
\BOOKMARK [1][-]{section.4}{\376\377\000A\000N\000T\000I\000C\000I\000P\000A\000T\000E\000D\000\040\000R\000E\000S\000U\000L\000T\000S\000/\000F\000I\000N\000A\000L\000\040\000P\000R\000O\000D\000U\000C\000T\000S}{}% 21
\BOOKMARK [1][-]{section.5}{\376\377\000P\000R\000O\000J\000E\000C\000T\000\040\000S\000C\000H\000E\000D\000U\000L\000E}{}% 22
\BOOKMARK [1][-]{appendix.A}{\376\377\000A\000p\000p\000e\000n\000d\000i\000c\000e\000s}{}% 23
